# JRE version: OpenJDK Runtime Environment (8.0_352-b08) (build 1.8.0_352-352-b08)
# Java VM: OpenJDK 64-Bit Server VM (25.352-b08 mixed mode windows-amd64 compressed oops)
Heap:
 PSYoungGen      total 148992K, used 56020K [0x00000000f5580000, 0x0000000100000000, 0x0000000100000000)
  eden space 124416K, 30% used [0x00000000f5580000,0x00000000f7ab6900,0x00000000fcf00000)
  from space 24576K, 72% used [0x00000000fe800000,0x00000000ff97e8a8,0x0000000100000000)
  to   space 25088K, 0% used [0x00000000fcf00000,0x00000000fcf00000,0x00000000fe780000)
 ParOldGen       total 216576K, used 50441K [0x00000000e0000000, 0x00000000ed380000, 0x00000000f5580000)
  object space 216576K, 23% used [0x00000000e0000000,0x00000000e31427f0,0x00000000ed380000)
 Metaspace       used 67010K, capacity 69868K, committed 70016K, reserved 1110016K
  class space    used 9484K, capacity 10076K, committed 10112K, reserved 1048576K
GC Heap History (10 events):
Event: 12.206 GC heap before
{Heap before GC invocations=11 (full 2):
 PSYoungGen      total 159232K, used 156452K [0x00000000f5580000, 0x0000000100000000, 0x0000000100000000)
  eden space 144896K, 100% used [0x00000000f5580000,0x00000000fe300000,0x00000000fe300000)
  from space 14336K, 80% used [0x00000000ff200000,0x00000000ffd49368,0x0000000100000000)
  to   space 14848K, 0% used [0x00000000fe300000,0x00000000fe300000,0x00000000ff180000)
 ParOldGen       total 175104K, used 20194K [0x00000000e0000000, 0x00000000eab00000, 0x00000000f5580000)
  object space 175104K, 11% used [0x00000000e0000000,0x00000000e13b8b60,0x00000000eab00000)
 Metaspace       used 51878K, capacity 53556K, committed 53632K, reserved 1095680K
  class space    used 7354K, capacity 7792K, committed 7808K, reserved 1048576K
Event: 12.221 GC heap after
Heap after GC invocations=11 (full 2):
 PSYoungGen      total 159744K, used 14843K [0x00000000f5580000, 0x0000000100000000, 0x0000000100000000)
  eden space 144896K, 0% used [0x00000000f5580000,0x00000000f5580000,0x00000000fe300000)
  from space 14848K, 99% used [0x00000000fe300000,0x00000000ff17eea8,0x00000000ff180000)
  to   space 14848K, 0% used [0x00000000ff180000,0x00000000ff180000,0x0000000100000000)
 ParOldGen       total 175104K, used 28255K [0x00000000e0000000, 0x00000000eab00000, 0x00000000f5580000)
  object space 175104K, 16% used [0x00000000e0000000,0x00000000e1b97f78,0x00000000eab00000)
 Metaspace       used 51878K, capacity 53556K, committed 53632K, reserved 1095680K
  class space    used 7354K, capacity 7792K, committed 7808K, reserved 1048576K
}
Event: 15.310 GC heap before
{Heap before GC invocations=12 (full 2):
 PSYoungGen      total 159744K, used 159739K [0x00000000f5580000, 0x0000000100000000, 0x0000000100000000)
  eden space 144896K, 100% used [0x00000000f5580000,0x00000000fe300000,0x00000000fe300000)
  from space 14848K, 99% used [0x00000000fe300000,0x00000000ff17eea8,0x00000000ff180000)
  to   space 14848K, 0% used [0x00000000ff180000,0x00000000ff180000,0x0000000100000000)
 ParOldGen       total 175104K, used 28255K [0x00000000e0000000, 0x00000000eab00000, 0x00000000f5580000)
  object space 175104K, 16% used [0x00000000e0000000,0x00000000e1b97f78,0x00000000eab00000)
 Metaspace       used 56337K, capacity 58446K, committed 58752K, reserved 1099776K
  class space    used 8056K, capacity 8509K, committed 8576K, reserved 1048576K
Event: 15.325 GC heap after
Heap after GC invocations=12 (full 2):
 PSYoungGen      total 139264K, used 14832K [0x00000000f5580000, 0x0000000100000000, 0x0000000100000000)
  eden space 124416K, 0% used [0x00000000f5580000,0x00000000f5580000,0x00000000fcf00000)
  from space 14848K, 99% used [0x00000000ff180000,0x00000000ffffc040,0x0000000100000000)
  to   space 25088K, 0% used [0x00000000fcf00000,0x00000000fcf00000,0x00000000fe780000)
 ParOldGen       total 175104K, used 41926K [0x00000000e0000000, 0x00000000eab00000, 0x00000000f5580000)
  object space 175104K, 23% used [0x00000000e0000000,0x00000000e28f1808,0x00000000eab00000)
 Metaspace       used 56337K, capacity 58446K, committed 58752K, reserved 1099776K
  class space    used 8056K, capacity 8509K, committed 8576K, reserved 1048576K
}
Event: 15.610 GC heap before
{Heap before GC invocations=13 (full 2):
 PSYoungGen      total 139264K, used 31238K [0x00000000f5580000, 0x0000000100000000, 0x0000000100000000)
  eden space 124416K, 13% used [0x00000000f5580000,0x00000000f6585840,0x00000000fcf00000)
  from space 14848K, 99% used [0x00000000ff180000,0x00000000ffffc040,0x0000000100000000)
  to   space 25088K, 0% used [0x00000000fcf00000,0x00000000fcf00000,0x00000000fe780000)
 ParOldGen       total 175104K, used 41926K [0x00000000e0000000, 0x00000000eab00000, 0x00000000f5580000)
  object space 175104K, 23% used [0x00000000e0000000,0x00000000e28f1808,0x00000000eab00000)
 Metaspace       used 56867K, capacity 59016K, committed 59136K, reserved 1099776K
  class space    used 8130K, capacity 8622K, committed 8704K, reserved 1048576K
Event: 15.619 GC heap after
Heap after GC invocations=13 (full 2):
 PSYoungGen      total 149504K, used 13289K [0x00000000f5580000, 0x0000000100000000, 0x0000000100000000)
  eden space 124416K, 0% used [0x00000000f5580000,0x00000000f5580000,0x00000000fcf00000)
  from space 25088K, 52% used [0x00000000fcf00000,0x00000000fdbfa738,0x00000000fe780000)
  to   space 24576K, 0% used [0x00000000fe800000,0x00000000fe800000,0x0000000100000000)
 ParOldGen       total 175104K, used 44591K [0x00000000e0000000, 0x00000000eab00000, 0x00000000f5580000)
  object space 175104K, 25% used [0x00000000e0000000,0x00000000e2b8bee8,0x00000000eab00000)
 Metaspace       used 56867K, capacity 59016K, committed 59136K, reserved 1099776K
  class space    used 8130K, capacity 8622K, committed 8704K, reserved 1048576K
}
Event: 15.619 GC heap before
{Heap before GC invocations=14 (full 3):
 PSYoungGen      total 149504K, used 13289K [0x00000000f5580000, 0x0000000100000000, 0x0000000100000000)
  eden space 124416K, 0% used [0x00000000f5580000,0x00000000f5580000,0x00000000fcf00000)
  from space 25088K, 52% used [0x00000000fcf00000,0x00000000fdbfa738,0x00000000fe780000)
  to   space 24576K, 0% used [0x00000000fe800000,0x00000000fe800000,0x0000000100000000)
 ParOldGen       total 175104K, used 44591K [0x00000000e0000000, 0x00000000eab00000, 0x00000000f5580000)
  object space 175104K, 25% used [0x00000000e0000000,0x00000000e2b8bee8,0x00000000eab00000)
 Metaspace       used 56867K, capacity 59016K, committed 59136K, reserved 1099776K
  class space    used 8130K, capacity 8622K, committed 8704K, reserved 1048576K
Event: 15.822 GC heap after
Heap after GC invocations=14 (full 3):
 PSYoungGen      total 149504K, used 0K [0x00000000f5580000, 0x0000000100000000, 0x0000000100000000)
  eden space 124416K, 0% used [0x00000000f5580000,0x00000000f5580000,0x00000000fcf00000)
  from space 25088K, 0% used [0x00000000fcf00000,0x00000000fcf00000,0x00000000fe780000)
  to   space 24576K, 0% used [0x00000000fe800000,0x00000000fe800000,0x0000000100000000)
 ParOldGen       total 216576K, used 50369K [0x00000000e0000000, 0x00000000ed380000, 0x00000000f5580000)
  object space 216576K, 23% used [0x00000000e0000000,0x00000000e31307e0,0x00000000ed380000)
 Metaspace       used 56867K, capacity 59016K, committed 59136K, reserved 1099776K
  class space    used 8130K, capacity 8622K, committed 8704K, reserved 1048576K
}
Event: 21.445 GC heap before
{Heap before GC invocations=15 (full 3):
 PSYoungGen      total 149504K, used 124402K [0x00000000f5580000, 0x0000000100000000, 0x0000000100000000)
  eden space 124416K, 99% used [0x00000000f5580000,0x00000000fcefc8e0,0x00000000fcf00000)
  from space 25088K, 0% used [0x00000000fcf00000,0x00000000fcf00000,0x00000000fe780000)
  to   space 24576K, 0% used [0x00000000fe800000,0x00000000fe800000,0x0000000100000000)
 ParOldGen       total 216576K, used 50369K [0x00000000e0000000, 0x00000000ed380000, 0x00000000f5580000)
  object space 216576K, 23% used [0x00000000e0000000,0x00000000e31307e0,0x00000000ed380000)
 Metaspace       used 64169K, capacity 66768K, committed 67072K, reserved 1105920K
  class space    used 9068K, capacity 9622K, committed 9728K, reserved 1048576K
Event: 21.455 GC heap after
Heap after GC invocations=15 (full 3):
 PSYoungGen      total 148992K, used 17914K [0x00000000f5580000, 0x0000000100000000, 0x0000000100000000)
  eden space 124416K, 0% used [0x00000000f5580000,0x00000000f5580000,0x00000000fcf00000)
  from space 24576K, 72% used [0x00000000fe800000,0x00000000ff97e8a8,0x0000000100000000)
  to   space 25088K, 0% used [0x00000000fcf00000,0x00000000fcf00000,0x00000000fe780000)
 ParOldGen       total 216576K, used 50441K [0x00000000e0000000, 0x00000000ed380000, 0x00000000f5580000)
  object space 216576K, 23% used [0x00000000e0000000,0x00000000e31427f0,0x00000000ed380000)
 Metaspace       used 64169K, capacity 66768K, committed 67072K, reserved 1105920K
  class space    used 9068K, capacity 9622K, committed 9728K, reserved 1048576K
}

